<?xml version="1.0" encoding="UTF-8"?>
<!-- Generated by org.testng.reporters.JUnitReportReporter -->
<testsuite hostname="DESKTOP-30HH9IO" failures="0" tests="1" name="mavenpjt.Maventestpjt" time="11.314" errors="0" timestamp="2025-03-06T15:20:52 IST" skipped="0">
  <testcase classname="mavenpjt.Maventestpjt" name="test" time="11.314"/>
  <system-out/>
</testsuite> <!-- mavenpjt.Maventestpjt -->
