<?xml version="1.0" encoding="UTF-8"?>
<!-- Generated by org.testng.reporters.JUnitReportReporter -->
<testsuite hostname="DESKTOP-30HH9IO" failures="0" tests="10" name="test.Mb_Test" time="117.866" errors="0" timestamp="2025-03-28T19:39:00 IST" skipped="0">
  <testcase classname="test.Mb_Test" name="testlogin" time="26.664"/>
  <system-out/>
  <testcase classname="test.Mb_Test" name="testtitle" time="4.488"/>
  <system-out/>
  <testcase classname="test.Mb_Test" name="screenshottest" time="4.867"/>
  <system-out/>
  <testcase classname="test.Mb_Test" name="scrolldown" time="4.838"/>
  <system-out/>
  <testcase classname="test.Mb_Test" name="logoverify" time="7.472"/>
  <system-out/>
  <testcase classname="test.Mb_Test" name="addcart" time="29.692"/>
  <system-out/>
  <testcase classname="test.Mb_Test" name="mouseover" time="9.008"/>
  <system-out/>
  <testcase classname="test.Mb_Test" name="testcontent" time="4.210"/>
  <system-out/>
  <testcase classname="test.Mb_Test" name="test_windowhandle" time="14.538"/>
  <system-out/>
  <testcase classname="test.Mb_Test" name="dropdown" time="12.089"/>
  <system-out/>
</testsuite> <!-- test.Mb_Test -->
