<?xml version="1.0" encoding="UTF-8"?>
<!-- Generated by org.testng.reporters.JUnitReportReporter -->
<testsuite hostname="DESKTOP-30HH9IO" failures="0" tests="3" name="test.Mb_crsbrstest" time="54.753" errors="0" timestamp="2025-03-28T15:36:49 IST" skipped="0">
  <testcase classname="test.Mb_crsbrstest" name="Mb_crsbrowser" time="10.763"/>
  <system-out/>
  <testcase classname="test.Mb_crsbrstest" name="Mb_crsbrowser" time="32.899"/>
  <system-out/>
  <testcase classname="test.Mb_crsbrstest" name="Mb_crsbrowser" time="11.091"/>
  <system-out/>
</testsuite> <!-- test.Mb_crsbrstest -->
