<?xml version="1.0" encoding="UTF-8"?>
<!-- Generated by org.testng.reporters.JUnitReportReporter -->
<testsuite hostname="DESKTOP-30HH9IO" failures="0" tests="1" name="test.Mb_Registertest" time="15.958" errors="0" timestamp="2025-03-28T15:53:09 IST" skipped="0">
  <testcase classname="test.Mb_Registertest" name="testregister" time="15.958"/>
  <system-out/>
</testsuite> <!-- test.Mb_Registertest -->
